<?xml version="1.0" encoding="UTF-8"?>
<!DOCTYPE coverage SYSTEM "http://cobertura.sourceforge.net/xml/coverage-04.dtd">
<coverage line-rate="0.50551876379691" branch-rate="0" lines-covered="229" lines-valid="453" branches-covered="0" branches-valid="0" complexity="145" version="0.4" timestamp="1723787214">
  <sources>
    <source>/app/src</source>
  </sources>
  <packages>
    <package name="Building/BuildIndex.php" line-rate="0" branch-rate="0" complexity="41">
      <classes>
        <class name="Playground\Make\Blade\Building\BuildIndex" filename="Building/BuildIndex.php" line-rate="0" branch-rate="0" complexity="41">
          <methods>
            <method name="build_index_table_columns" signature="Playground\Make\Configuration\Model $model" line-rate="0" branch-rate="0" complexity="2">
              <lines>
                <line number="34" hits="0"/>
                <line number="35" hits="0"/>
                <line number="36" hits="0"/>
                <line number="38" hits="0"/>
                <line number="39" hits="0"/>
                <line number="41" hits="0"/>
                <line number="43" hits="0"/>
                <line number="44" hits="0"/>
                <line number="45" hits="0"/>
                <line number="46" hits="0"/>
                <line number="48" hits="0"/>
                <line number="58" hits="0"/>
                <line number="60" hits="0"/>
                <line number="61" hits="0"/>
                <line number="62" hits="0"/>
                <line number="63" hits="0"/>
                <line number="64" hits="0"/>
              </lines>
            </method>
            <method name="build_index_table_columns_standard" signature="Playground\Make\Configuration\Model $model" line-rate="0" branch-rate="0" complexity="5">
              <lines>
                <line number="76" hits="0"/>
                <line number="78" hits="0"/>
                <line number="79" hits="0"/>
                <line number="86" hits="0"/>
                <line number="87" hits="0"/>
                <line number="88" hits="0"/>
                <line number="91" hits="0"/>
                <line number="94" hits="0"/>
                <line number="96" hits="0"/>
                <line number="97" hits="0"/>
              </lines>
            </method>
            <method name="build_index_table_columns_mobile" signature="Playground\Make\Configuration\Model $model" line-rate="0" branch-rate="0" complexity="5">
              <lines>
                <line number="109" hits="0"/>
                <line number="111" hits="0"/>
                <line number="112" hits="0"/>
                <line number="119" hits="0"/>
                <line number="120" hits="0"/>
                <line number="121" hits="0"/>
                <line number="124" hits="0"/>
                <line number="127" hits="0"/>
                <line number="129" hits="0"/>
                <line number="130" hits="0"/>
              </lines>
            </method>
            <method name="build_index_table_column_columns" signature="Playground\Make\Configuration\Model $model" line-rate="0" branch-rate="0" complexity="6">
              <lines>
                <line number="137" hits="0"/>
                <line number="144" hits="0"/>
                <line number="146" hits="0"/>
                <line number="148" hits="0"/>
                <line number="150" hits="0"/>
                <line number="152" hits="0"/>
                <line number="153" hits="0"/>
                <line number="154" hits="0"/>
                <line number="155" hits="0"/>
                <line number="157" hits="0"/>
                <line number="159" hits="0"/>
                <line number="160" hits="0"/>
                <line number="161" hits="0"/>
                <line number="163" hits="0"/>
                <line number="164" hits="0"/>
                <line number="165" hits="0"/>
                <line number="173" hits="0"/>
                <line number="174" hits="0"/>
                <line number="175" hits="0"/>
                <line number="176" hits="0"/>
                <line number="177" hits="0"/>
                <line number="178" hits="0"/>
                <line number="181" hits="0"/>
                <line number="183" hits="0"/>
              </lines>
            </method>
            <method name="build_index_table_column_flags" signature="Playground\Make\Configuration\Model $model" line-rate="0" branch-rate="0" complexity="3">
              <lines>
                <line number="190" hits="0"/>
                <line number="192" hits="0"/>
                <line number="194" hits="0"/>
                <line number="195" hits="0"/>
                <line number="203" hits="0"/>
                <line number="204" hits="0"/>
                <line number="205" hits="0"/>
                <line number="207" hits="0"/>
                <line number="208" hits="0"/>
                <line number="211" hits="0"/>
                <line number="213" hits="0"/>
              </lines>
            </method>
            <method name="build_index_table_column_dates" signature="Playground\Make\Configuration\Model $model" line-rate="0" branch-rate="0" complexity="3">
              <lines>
                <line number="220" hits="0"/>
                <line number="222" hits="0"/>
                <line number="224" hits="0"/>
                <line number="225" hits="0"/>
                <line number="233" hits="0"/>
                <line number="234" hits="0"/>
                <line number="235" hits="0"/>
                <line number="236" hits="0"/>
                <line number="239" hits="0"/>
                <line number="241" hits="0"/>
              </lines>
            </method>
            <method name="build_index_table_column_permissions" signature="Playground\Make\Configuration\Model $model" line-rate="0" branch-rate="0" complexity="4">
              <lines>
                <line number="248" hits="0"/>
                <line number="250" hits="0"/>
                <line number="252" hits="0"/>
                <line number="253" hits="0"/>
                <line number="255" hits="0"/>
                <line number="256" hits="0"/>
                <line number="257" hits="0"/>
                <line number="265" hits="0"/>
                <line number="266" hits="0"/>
                <line number="267" hits="0"/>
                <line number="268" hits="0"/>
                <line number="269" hits="0"/>
                <line number="272" hits="0"/>
                <line number="274" hits="0"/>
              </lines>
            </method>
            <method name="build_index_table_column_status" signature="Playground\Make\Configuration\Model $model" line-rate="0" branch-rate="0" complexity="3">
              <lines>
                <line number="281" hits="0"/>
                <line number="283" hits="0"/>
                <line number="285" hits="0"/>
                <line number="286" hits="0"/>
                <line number="294" hits="0"/>
                <line number="295" hits="0"/>
                <line number="296" hits="0"/>
                <line number="297" hits="0"/>
                <line number="300" hits="0"/>
                <line number="302" hits="0"/>
              </lines>
            </method>
            <method name="build_index_table_column_matrix" signature="Playground\Make\Configuration\Model $model" line-rate="0" branch-rate="0" complexity="3">
              <lines>
                <line number="309" hits="0"/>
                <line number="311" hits="0"/>
                <line number="313" hits="0"/>
                <line number="314" hits="0"/>
                <line number="322" hits="0"/>
                <line number="323" hits="0"/>
                <line number="324" hits="0"/>
                <line number="325" hits="0"/>
                <line number="328" hits="0"/>
                <line number="330" hits="0"/>
              </lines>
            </method>
            <method name="build_index_table_column_ids" signature="Playground\Make\Configuration\Model $model" line-rate="0" branch-rate="0" complexity="3">
              <lines>
                <line number="337" hits="0"/>
                <line number="339" hits="0"/>
                <line number="341" hits="0"/>
                <line number="342" hits="0"/>
                <line number="350" hits="0"/>
                <line number="351" hits="0"/>
                <line number="352" hits="0"/>
                <line number="353" hits="0"/>
                <line number="356" hits="0"/>
                <line number="358" hits="0"/>
              </lines>
            </method>
            <method name="build_index_table_column_ui" signature="Playground\Make\Configuration\Model $model" line-rate="0" branch-rate="0" complexity="4">
              <lines>
                <line number="365" hits="0"/>
                <line number="372" hits="0"/>
                <line number="374" hits="0"/>
                <line number="376" hits="0"/>
                <line number="377" hits="0"/>
                <line number="378" hits="0"/>
                <line number="379" hits="0"/>
                <line number="381" hits="0"/>
                <line number="383" hits="0"/>
                <line number="385" hits="0"/>
                <line number="386" hits="0"/>
                <line number="387" hits="0"/>
                <line number="388" hits="0"/>
                <line number="391" hits="0"/>
                <line number="393" hits="0"/>
              </lines>
            </method>
          </methods>
          <lines>
            <line number="34" hits="0"/>
            <line number="35" hits="0"/>
            <line number="36" hits="0"/>
            <line number="38" hits="0"/>
            <line number="39" hits="0"/>
            <line number="41" hits="0"/>
            <line number="43" hits="0"/>
            <line number="44" hits="0"/>
            <line number="45" hits="0"/>
            <line number="46" hits="0"/>
            <line number="48" hits="0"/>
            <line number="58" hits="0"/>
            <line number="60" hits="0"/>
            <line number="61" hits="0"/>
            <line number="62" hits="0"/>
            <line number="63" hits="0"/>
            <line number="64" hits="0"/>
            <line number="76" hits="0"/>
            <line number="78" hits="0"/>
            <line number="79" hits="0"/>
            <line number="86" hits="0"/>
            <line number="87" hits="0"/>
            <line number="88" hits="0"/>
            <line number="91" hits="0"/>
            <line number="94" hits="0"/>
            <line number="96" hits="0"/>
            <line number="97" hits="0"/>
            <line number="109" hits="0"/>
            <line number="111" hits="0"/>
            <line number="112" hits="0"/>
            <line number="119" hits="0"/>
            <line number="120" hits="0"/>
            <line number="121" hits="0"/>
            <line number="124" hits="0"/>
            <line number="127" hits="0"/>
            <line number="129" hits="0"/>
            <line number="130" hits="0"/>
            <line number="137" hits="0"/>
            <line number="144" hits="0"/>
            <line number="146" hits="0"/>
            <line number="148" hits="0"/>
            <line number="150" hits="0"/>
            <line number="152" hits="0"/>
            <line number="153" hits="0"/>
            <line number="154" hits="0"/>
            <line number="155" hits="0"/>
            <line number="157" hits="0"/>
            <line number="159" hits="0"/>
            <line number="160" hits="0"/>
            <line number="161" hits="0"/>
            <line number="163" hits="0"/>
            <line number="164" hits="0"/>
            <line number="165" hits="0"/>
            <line number="173" hits="0"/>
            <line number="174" hits="0"/>
            <line number="175" hits="0"/>
            <line number="176" hits="0"/>
            <line number="177" hits="0"/>
            <line number="178" hits="0"/>
            <line number="181" hits="0"/>
            <line number="183" hits="0"/>
            <line number="190" hits="0"/>
            <line number="192" hits="0"/>
            <line number="194" hits="0"/>
            <line number="195" hits="0"/>
            <line number="203" hits="0"/>
            <line number="204" hits="0"/>
            <line number="205" hits="0"/>
            <line number="207" hits="0"/>
            <line number="208" hits="0"/>
            <line number="211" hits="0"/>
            <line number="213" hits="0"/>
            <line number="220" hits="0"/>
            <line number="222" hits="0"/>
            <line number="224" hits="0"/>
            <line number="225" hits="0"/>
            <line number="233" hits="0"/>
            <line number="234" hits="0"/>
            <line number="235" hits="0"/>
            <line number="236" hits="0"/>
            <line number="239" hits="0"/>
            <line number="241" hits="0"/>
            <line number="248" hits="0"/>
            <line number="250" hits="0"/>
            <line number="252" hits="0"/>
            <line number="253" hits="0"/>
            <line number="255" hits="0"/>
            <line number="256" hits="0"/>
            <line number="257" hits="0"/>
            <line number="265" hits="0"/>
            <line number="266" hits="0"/>
            <line number="267" hits="0"/>
            <line number="268" hits="0"/>
            <line number="269" hits="0"/>
            <line number="272" hits="0"/>
            <line number="274" hits="0"/>
            <line number="281" hits="0"/>
            <line number="283" hits="0"/>
            <line number="285" hits="0"/>
            <line number="286" hits="0"/>
            <line number="294" hits="0"/>
            <line number="295" hits="0"/>
            <line number="296" hits="0"/>
            <line number="297" hits="0"/>
            <line number="300" hits="0"/>
            <line number="302" hits="0"/>
            <line number="309" hits="0"/>
            <line number="311" hits="0"/>
            <line number="313" hits="0"/>
            <line number="314" hits="0"/>
            <line number="322" hits="0"/>
            <line number="323" hits="0"/>
            <line number="324" hits="0"/>
            <line number="325" hits="0"/>
            <line number="328" hits="0"/>
            <line number="330" hits="0"/>
            <line number="337" hits="0"/>
            <line number="339" hits="0"/>
            <line number="341" hits="0"/>
            <line number="342" hits="0"/>
            <line number="350" hits="0"/>
            <line number="351" hits="0"/>
            <line number="352" hits="0"/>
            <line number="353" hits="0"/>
            <line number="356" hits="0"/>
            <line number="358" hits="0"/>
            <line number="365" hits="0"/>
            <line number="372" hits="0"/>
            <line number="374" hits="0"/>
            <line number="376" hits="0"/>
            <line number="377" hits="0"/>
            <line number="378" hits="0"/>
            <line number="379" hits="0"/>
            <line number="381" hits="0"/>
            <line number="383" hits="0"/>
            <line number="385" hits="0"/>
            <line number="386" hits="0"/>
            <line number="387" hits="0"/>
            <line number="388" hits="0"/>
            <line number="391" hits="0"/>
            <line number="393" hits="0"/>
          </lines>
        </class>
      </classes>
    </package>
    <package name="Building/BuildModel.php" line-rate="0.875" branch-rate="0" complexity="5">
      <classes>
        <class name="Playground\Make\Blade\Building\BuildModel" filename="Building/BuildModel.php" line-rate="0.875" branch-rate="0" complexity="5">
          <methods>
            <method name="create_playground_resources" signature="" line-rate="0.875" branch-rate="0" complexity="5">
              <lines>
                <line number="18" hits="4"/>
                <line number="32" hits="4"/>
                <line number="34" hits="4"/>
                <line number="35" hits="4"/>
                <line number="36" hits="4"/>
                <line number="37" hits="4"/>
                <line number="38" hits="4"/>
                <line number="41" hits="4"/>
                <line number="42" hits="0"/>
                <line number="43" hits="0"/>
                <line number="44" hits="0"/>
                <line number="47" hits="4"/>
                <line number="50" hits="4"/>
                <line number="52" hits="4"/>
                <line number="53" hits="4"/>
                <line number="54" hits="4"/>
                <line number="55" hits="4"/>
                <line number="56" hits="4"/>
                <line number="57" hits="4"/>
                <line number="66" hits="4"/>
                <line number="68" hits="4"/>
                <line number="70" hits="4"/>
                <line number="71" hits="4"/>
                <line number="73" hits="4"/>
              </lines>
            </method>
          </methods>
          <lines>
            <line number="18" hits="4"/>
            <line number="32" hits="4"/>
            <line number="34" hits="4"/>
            <line number="35" hits="4"/>
            <line number="36" hits="4"/>
            <line number="37" hits="4"/>
            <line number="38" hits="4"/>
            <line number="41" hits="4"/>
            <line number="42" hits="0"/>
            <line number="43" hits="0"/>
            <line number="44" hits="0"/>
            <line number="47" hits="4"/>
            <line number="50" hits="4"/>
            <line number="52" hits="4"/>
            <line number="53" hits="4"/>
            <line number="54" hits="4"/>
            <line number="55" hits="4"/>
            <line number="56" hits="4"/>
            <line number="57" hits="4"/>
            <line number="66" hits="4"/>
            <line number="68" hits="4"/>
            <line number="70" hits="4"/>
            <line number="71" hits="4"/>
            <line number="73" hits="4"/>
          </lines>
        </class>
      </classes>
    </package>
    <package name="Building/BuildResource.php" line-rate="0.40659340659341" branch-rate="0" complexity="25">
      <classes>
        <class name="Playground\Make\Blade\Building\BuildResource" filename="Building/BuildResource.php" line-rate="0.40659340659341" branch-rate="0" complexity="25">
          <methods>
            <method name="build_index_blade" signature="" line-rate="0.54545454545455" branch-rate="0" complexity="6">
              <lines>
                <line number="34" hits="4"/>
                <line number="43" hits="4"/>
                <line number="44" hits="2"/>
                <line number="46" hits="2"/>
                <line number="49" hits="2"/>
                <line number="50" hits="2"/>
                <line number="51" hits="0"/>
                <line number="53" hits="0"/>
                <line number="55" hits="0"/>
                <line number="57" hits="0"/>
                <line number="73" hits="0"/>
              </lines>
            </method>
            <method name="build_index_blade_section" signature="Playground\Make\Configuration\Model $model" line-rate="0" branch-rate="0" complexity="2">
              <lines>
                <line number="80" hits="0"/>
                <line number="81" hits="0"/>
                <line number="82" hits="0"/>
                <line number="85" hits="0"/>
                <line number="86" hits="0"/>
                <line number="93" hits="0"/>
                <line number="95" hits="0"/>
                <line number="100" hits="0"/>
                <line number="101" hits="0"/>
                <line number="103" hits="0"/>
                <line number="107" hits="0"/>
              </lines>
            </method>
            <method name="build_sitemap_blade" signature="" line-rate="0.53125" branch-rate="0" complexity="12">
              <lines>
                <line number="112" hits="4"/>
                <line number="114" hits="4"/>
                <line number="115" hits="4"/>
                <line number="124" hits="4"/>
                <line number="125" hits="2"/>
                <line number="127" hits="2"/>
                <line number="130" hits="2"/>
                <line number="131" hits="2"/>
                <line number="132" hits="2"/>
                <line number="133" hits="0"/>
                <line number="134" hits="2"/>
                <line number="135" hits="0"/>
                <line number="136" hits="2"/>
                <line number="137" hits="0"/>
                <line number="140" hits="2"/>
                <line number="142" hits="2"/>
                <line number="143" hits="2"/>
                <line number="144" hits="0"/>
                <line number="146" hits="0"/>
                <line number="148" hits="0"/>
                <line number="150" hits="0"/>
                <line number="153" hits="0"/>
                <line number="154" hits="0"/>
                <line number="156" hits="0"/>
                <line number="157" hits="0"/>
                <line number="172" hits="0"/>
                <line number="181" hits="2"/>
                <line number="183" hits="0"/>
                <line number="184" hits="0"/>
                <line number="185" hits="0"/>
                <line number="187" hits="2"/>
                <line number="190" hits="2"/>
              </lines>
            </method>
            <method name="build_sitemap_blade_section" signature="Playground\Make\Configuration\Model $model" line-rate="0" branch-rate="0" complexity="3">
              <lines>
                <line number="195" hits="0"/>
                <line number="197" hits="0"/>
                <line number="199" hits="0"/>
                <line number="201" hits="0"/>
                <line number="202" hits="0"/>
                <line number="203" hits="0"/>
                <line number="206" hits="0"/>
                <line number="207" hits="0"/>
                <line number="208" hits="0"/>
                <line number="210" hits="0"/>
                <line number="211" hits="0"/>
                <line number="212" hits="0"/>
                <line number="215" hits="0"/>
                <line number="217" hits="0"/>
                <line number="219" hits="0"/>
                <line number="222" hits="0"/>
                <line number="223" hits="0"/>
                <line number="226" hits="0"/>
                <line number="228" hits="0"/>
                <line number="230" hits="0"/>
                <line number="231" hits="0"/>
                <line number="232" hits="0"/>
                <line number="236" hits="0"/>
              </lines>
            </method>
            <method name="create_sitemap_blade" signature="" line-rate="1" branch-rate="0" complexity="2">
              <lines>
                <line number="244" hits="4"/>
                <line number="246" hits="4"/>
                <line number="248" hits="4"/>
                <line number="251" hits="4"/>
                <line number="253" hits="4"/>
                <line number="254" hits="4"/>
                <line number="255" hits="4"/>
                <line number="256" hits="4"/>
                <line number="257" hits="4"/>
                <line number="267" hits="4"/>
                <line number="269" hits="4"/>
                <line number="271" hits="4"/>
                <line number="272" hits="4"/>
                <line number="274" hits="4"/>
              </lines>
            </method>
          </methods>
          <lines>
            <line number="34" hits="4"/>
            <line number="43" hits="4"/>
            <line number="44" hits="2"/>
            <line number="46" hits="2"/>
            <line number="49" hits="2"/>
            <line number="50" hits="2"/>
            <line number="51" hits="0"/>
            <line number="53" hits="0"/>
            <line number="55" hits="0"/>
            <line number="57" hits="0"/>
            <line number="73" hits="0"/>
            <line number="80" hits="0"/>
            <line number="81" hits="0"/>
            <line number="82" hits="0"/>
            <line number="85" hits="0"/>
            <line number="86" hits="0"/>
            <line number="93" hits="0"/>
            <line number="95" hits="0"/>
            <line number="100" hits="0"/>
            <line number="101" hits="0"/>
            <line number="103" hits="0"/>
            <line number="107" hits="0"/>
            <line number="112" hits="4"/>
            <line number="114" hits="4"/>
            <line number="115" hits="4"/>
            <line number="124" hits="4"/>
            <line number="125" hits="2"/>
            <line number="127" hits="2"/>
            <line number="130" hits="2"/>
            <line number="131" hits="2"/>
            <line number="132" hits="2"/>
            <line number="133" hits="0"/>
            <line number="134" hits="2"/>
            <line number="135" hits="0"/>
            <line number="136" hits="2"/>
            <line number="137" hits="0"/>
            <line number="140" hits="2"/>
            <line number="142" hits="2"/>
            <line number="143" hits="2"/>
            <line number="144" hits="0"/>
            <line number="146" hits="0"/>
            <line number="148" hits="0"/>
            <line number="150" hits="0"/>
            <line number="153" hits="0"/>
            <line number="154" hits="0"/>
            <line number="156" hits="0"/>
            <line number="157" hits="0"/>
            <line number="172" hits="0"/>
            <line number="181" hits="2"/>
            <line number="183" hits="0"/>
            <line number="184" hits="0"/>
            <line number="185" hits="0"/>
            <line number="187" hits="2"/>
            <line number="190" hits="2"/>
            <line number="195" hits="0"/>
            <line number="197" hits="0"/>
            <line number="199" hits="0"/>
            <line number="201" hits="0"/>
            <line number="202" hits="0"/>
            <line number="203" hits="0"/>
            <line number="206" hits="0"/>
            <line number="207" hits="0"/>
            <line number="208" hits="0"/>
            <line number="210" hits="0"/>
            <line number="211" hits="0"/>
            <line number="212" hits="0"/>
            <line number="215" hits="0"/>
            <line number="217" hits="0"/>
            <line number="219" hits="0"/>
            <line number="222" hits="0"/>
            <line number="223" hits="0"/>
            <line number="226" hits="0"/>
            <line number="228" hits="0"/>
            <line number="230" hits="0"/>
            <line number="231" hits="0"/>
            <line number="232" hits="0"/>
            <line number="236" hits="0"/>
            <line number="244" hits="4"/>
            <line number="246" hits="4"/>
            <line number="248" hits="4"/>
            <line number="251" hits="4"/>
            <line number="253" hits="4"/>
            <line number="254" hits="4"/>
            <line number="255" hits="4"/>
            <line number="256" hits="4"/>
            <line number="257" hits="4"/>
            <line number="267" hits="4"/>
            <line number="269" hits="4"/>
            <line number="271" hits="4"/>
            <line number="272" hits="4"/>
            <line number="274" hits="4"/>
          </lines>
        </class>
      </classes>
    </package>
    <package name="Configuration/Blade.php" line-rate="1" branch-rate="0" complexity="20">
      <classes>
        <class name="Playground\Make\Blade\Configuration\Blade" filename="Configuration/Blade.php" line-rate="1" branch-rate="0" complexity="20">
          <methods>
            <method name="setOptions" signature="array $options" line-rate="1" branch-rate="0" complexity="11">
              <lines>
                <line number="59" hits="2"/>
                <line number="61" hits="2"/>
                <line number="62" hits="2"/>
                <line number="64" hits="2"/>
                <line number="67" hits="2"/>
                <line number="68" hits="2"/>
                <line number="70" hits="2"/>
                <line number="73" hits="2"/>
                <line number="74" hits="2"/>
                <line number="76" hits="1"/>
                <line number="79" hits="2"/>
                <line number="80" hits="2"/>
                <line number="82" hits="1"/>
                <line number="85" hits="2"/>
                <line number="86" hits="2"/>
                <line number="88" hits="1"/>
                <line number="91" hits="2"/>
                <line number="93" hits="2"/>
              </lines>
            </method>
            <method name="addModels" signature="array $options" line-rate="1" branch-rate="0" complexity="4">
              <lines>
                <line number="101" hits="2"/>
                <line number="102" hits="2"/>
                <line number="104" hits="1"/>
                <line number="105" hits="1"/>
                <line number="109" hits="2"/>
              </lines>
            </method>
            <method name="model_column" signature="" line-rate="1" branch-rate="0" complexity="1">
              <lines>
                <line number="114" hits="3"/>
              </lines>
            </method>
            <method name="model_label" signature="" line-rate="1" branch-rate="0" complexity="1">
              <lines>
                <line number="119" hits="3"/>
              </lines>
            </method>
            <method name="route" signature="" line-rate="1" branch-rate="0" complexity="1">
              <lines>
                <line number="124" hits="3"/>
              </lines>
            </method>
            <method name="title" signature="" line-rate="1" branch-rate="0" complexity="1">
              <lines>
                <line number="129" hits="3"/>
              </lines>
            </method>
            <method name="models" signature="" line-rate="1" branch-rate="0" complexity="1">
              <lines>
                <line number="137" hits="3"/>
              </lines>
            </method>
          </methods>
          <lines>
            <line number="59" hits="2"/>
            <line number="61" hits="2"/>
            <line number="62" hits="2"/>
            <line number="64" hits="2"/>
            <line number="67" hits="2"/>
            <line number="68" hits="2"/>
            <line number="70" hits="2"/>
            <line number="73" hits="2"/>
            <line number="74" hits="2"/>
            <line number="76" hits="1"/>
            <line number="79" hits="2"/>
            <line number="80" hits="2"/>
            <line number="82" hits="1"/>
            <line number="85" hits="2"/>
            <line number="86" hits="2"/>
            <line number="88" hits="1"/>
            <line number="91" hits="2"/>
            <line number="93" hits="2"/>
            <line number="101" hits="2"/>
            <line number="102" hits="2"/>
            <line number="104" hits="1"/>
            <line number="105" hits="1"/>
            <line number="109" hits="2"/>
            <line number="114" hits="3"/>
            <line number="119" hits="3"/>
            <line number="124" hits="3"/>
            <line number="129" hits="3"/>
            <line number="137" hits="3"/>
          </lines>
        </class>
      </classes>
    </package>
    <package name="Console/Commands/BladeMakeCommand.php" line-rate="0.80740740740741" branch-rate="0" complexity="38">
      <classes>
        <class name="Playground\Make\Blade\Console\Commands\BladeMakeCommand" filename="Console/Commands/BladeMakeCommand.php" line-rate="0.80740740740741" branch-rate="0" complexity="38">
          <methods>
            <method name="prepareOptions" signature="" line-rate="0.68055555555556" branch-rate="0" complexity="19">
              <lines>
                <line number="107" hits="20"/>
                <line number="108" hits="20"/>
                <line number="110" hits="20"/>
                <line number="118" hits="20"/>
                <line number="120" hits="20"/>
                <line number="122" hits="20"/>
                <line number="123" hits="20"/>
                <line number="124" hits="0"/>
                <line number="127" hits="20"/>
                <line number="128" hits="1"/>
                <line number="129" hits="1"/>
                <line number="130" hits="1"/>
                <line number="131" hits="1"/>
                <line number="134" hits="20"/>
                <line number="135" hits="1"/>
                <line number="136" hits="1"/>
                <line number="137" hits="1"/>
                <line number="138" hits="1"/>
                <line number="141" hits="20"/>
                <line number="142" hits="1"/>
                <line number="143" hits="1"/>
                <line number="144" hits="1"/>
                <line number="145" hits="1"/>
                <line number="148" hits="20"/>
                <line number="149" hits="20"/>
                <line number="150" hits="20"/>
                <line number="151" hits="5"/>
                <line number="152" hits="5"/>
                <line number="153" hits="5"/>
                <line number="154" hits="5"/>
                <line number="155" hits="5"/>
                <line number="156" hits="5"/>
                <line number="158" hits="15"/>
                <line number="159" hits="15"/>
                <line number="160" hits="15"/>
                <line number="161" hits="4"/>
                <line number="162" hits="4"/>
                <line number="163" hits="4"/>
                <line number="164" hits="4"/>
                <line number="180" hits="4"/>
                <line number="181" hits="4"/>
                <line number="184" hits="20"/>
                <line number="185" hits="5"/>
                <line number="187" hits="5"/>
                <line number="188" hits="5"/>
                <line number="189" hits="0"/>
                <line number="190" hits="0"/>
                <line number="191" hits="0"/>
                <line number="192" hits="0"/>
                <line number="193" hits="0"/>
                <line number="197" hits="20"/>
                <line number="198" hits="0"/>
                <line number="199" hits="0"/>
                <line number="200" hits="0"/>
                <line number="202" hits="0"/>
                <line number="203" hits="0"/>
                <line number="204" hits="0"/>
                <line number="205" hits="0"/>
                <line number="206" hits="0"/>
                <line number="207" hits="0"/>
                <line number="208" hits="0"/>
                <line number="209" hits="0"/>
                <line number="210" hits="0"/>
                <line number="211" hits="0"/>
                <line number="212" hits="0"/>
                <line number="213" hits="0"/>
                <line number="216" hits="20"/>
                <line number="217" hits="20"/>
                <line number="218" hits="20"/>
                <line number="219" hits="5"/>
                <line number="220" hits="0"/>
                <line number="221" hits="0"/>
              </lines>
            </method>
            <method name="getConfigurationFilename" signature="" line-rate="1" branch-rate="0" complexity="1">
              <lines>
                <line number="236" hits="18"/>
                <line number="237" hits="18"/>
                <line number="238" hits="18"/>
                <line number="239" hits="18"/>
                <line number="240" hits="18"/>
              </lines>
            </method>
            <method name="load_model_package" signature="string $model_package" line-rate="0" branch-rate="0" complexity="2">
              <lines>
                <line number="245" hits="0"/>
                <line number="246" hits="0"/>
                <line number="247" hits="0"/>
              </lines>
            </method>
            <method name="qualifyClass" signature="$name" line-rate="1" branch-rate="0" complexity="6">
              <lines>
                <line number="259" hits="18"/>
                <line number="268" hits="18"/>
                <line number="269" hits="8"/>
                <line number="270" hits="8"/>
                <line number="271" hits="8"/>
                <line number="272" hits="8"/>
                <line number="275" hits="18"/>
                <line number="276" hits="5"/>
                <line number="277" hits="5"/>
                <line number="278" hits="5"/>
                <line number="279" hits="13"/>
                <line number="280" hits="4"/>
                <line number="281" hits="4"/>
                <line number="282" hits="4"/>
                <line number="283" hits="9"/>
                <line number="284" hits="4"/>
                <line number="285" hits="4"/>
                <line number="286" hits="4"/>
                <line number="287" hits="5"/>
                <line number="288" hits="4"/>
                <line number="289" hits="4"/>
                <line number="290" hits="4"/>
                <line number="292" hits="1"/>
                <line number="293" hits="1"/>
                <line number="294" hits="1"/>
                <line number="304" hits="18"/>
              </lines>
            </method>
            <method name="handle" signature="" line-rate="1" branch-rate="0" complexity="4">
              <lines>
                <line number="312" hits="20"/>
                <line number="313" hits="2"/>
                <line number="316" hits="18"/>
                <line number="318" hits="18"/>
                <line number="319" hits="4"/>
                <line number="320" hits="14"/>
                <line number="321" hits="14"/>
                <line number="322" hits="14"/>
                <line number="323" hits="4"/>
                <line number="326" hits="18"/>
                <line number="335" hits="18"/>
              </lines>
            </method>
            <method name="getStub" signature="" line-rate="1" branch-rate="0" complexity="5">
              <lines>
                <line number="343" hits="18"/>
                <line number="345" hits="18"/>
                <line number="347" hits="18"/>
                <line number="348" hits="5"/>
                <line number="349" hits="13"/>
                <line number="350" hits="4"/>
                <line number="351" hits="9"/>
                <line number="352" hits="4"/>
                <line number="353" hits="5"/>
                <line number="354" hits="4"/>
                <line number="357" hits="18"/>
              </lines>
            </method>
            <method name="getOptions" signature="" line-rate="1" branch-rate="0" complexity="1">
              <lines>
                <line number="377" hits="20"/>
                <line number="379" hits="20"/>
                <line number="380" hits="20"/>
                <line number="381" hits="20"/>
                <line number="382" hits="20"/>
                <line number="383" hits="20"/>
                <line number="385" hits="20"/>
              </lines>
            </method>
          </methods>
          <lines>
            <line number="107" hits="20"/>
            <line number="108" hits="20"/>
            <line number="110" hits="20"/>
            <line number="118" hits="20"/>
            <line number="120" hits="20"/>
            <line number="122" hits="20"/>
            <line number="123" hits="20"/>
            <line number="124" hits="0"/>
            <line number="127" hits="20"/>
            <line number="128" hits="1"/>
            <line number="129" hits="1"/>
            <line number="130" hits="1"/>
            <line number="131" hits="1"/>
            <line number="134" hits="20"/>
            <line number="135" hits="1"/>
            <line number="136" hits="1"/>
            <line number="137" hits="1"/>
            <line number="138" hits="1"/>
            <line number="141" hits="20"/>
            <line number="142" hits="1"/>
            <line number="143" hits="1"/>
            <line number="144" hits="1"/>
            <line number="145" hits="1"/>
            <line number="148" hits="20"/>
            <line number="149" hits="20"/>
            <line number="150" hits="20"/>
            <line number="151" hits="5"/>
            <line number="152" hits="5"/>
            <line number="153" hits="5"/>
            <line number="154" hits="5"/>
            <line number="155" hits="5"/>
            <line number="156" hits="5"/>
            <line number="158" hits="15"/>
            <line number="159" hits="15"/>
            <line number="160" hits="15"/>
            <line number="161" hits="4"/>
            <line number="162" hits="4"/>
            <line number="163" hits="4"/>
            <line number="164" hits="4"/>
            <line number="180" hits="4"/>
            <line number="181" hits="4"/>
            <line number="184" hits="20"/>
            <line number="185" hits="5"/>
            <line number="187" hits="5"/>
            <line number="188" hits="5"/>
            <line number="189" hits="0"/>
            <line number="190" hits="0"/>
            <line number="191" hits="0"/>
            <line number="192" hits="0"/>
            <line number="193" hits="0"/>
            <line number="197" hits="20"/>
            <line number="198" hits="0"/>
            <line number="199" hits="0"/>
            <line number="200" hits="0"/>
            <line number="202" hits="0"/>
            <line number="203" hits="0"/>
            <line number="204" hits="0"/>
            <line number="205" hits="0"/>
            <line number="206" hits="0"/>
            <line number="207" hits="0"/>
            <line number="208" hits="0"/>
            <line number="209" hits="0"/>
            <line number="210" hits="0"/>
            <line number="211" hits="0"/>
            <line number="212" hits="0"/>
            <line number="213" hits="0"/>
            <line number="216" hits="20"/>
            <line number="217" hits="20"/>
            <line number="218" hits="20"/>
            <line number="219" hits="5"/>
            <line number="220" hits="0"/>
            <line number="221" hits="0"/>
            <line number="236" hits="18"/>
            <line number="237" hits="18"/>
            <line number="238" hits="18"/>
            <line number="239" hits="18"/>
            <line number="240" hits="18"/>
            <line number="245" hits="0"/>
            <line number="246" hits="0"/>
            <line number="247" hits="0"/>
            <line number="259" hits="18"/>
            <line number="268" hits="18"/>
            <line number="269" hits="8"/>
            <line number="270" hits="8"/>
            <line number="271" hits="8"/>
            <line number="272" hits="8"/>
            <line number="275" hits="18"/>
            <line number="276" hits="5"/>
            <line number="277" hits="5"/>
            <line number="278" hits="5"/>
            <line number="279" hits="13"/>
            <line number="280" hits="4"/>
            <line number="281" hits="4"/>
            <line number="282" hits="4"/>
            <line number="283" hits="9"/>
            <line number="284" hits="4"/>
            <line number="285" hits="4"/>
            <line number="286" hits="4"/>
            <line number="287" hits="5"/>
            <line number="288" hits="4"/>
            <line number="289" hits="4"/>
            <line number="290" hits="4"/>
            <line number="292" hits="1"/>
            <line number="293" hits="1"/>
            <line number="294" hits="1"/>
            <line number="304" hits="18"/>
            <line number="312" hits="20"/>
            <line number="313" hits="2"/>
            <line number="316" hits="18"/>
            <line number="318" hits="18"/>
            <line number="319" hits="4"/>
            <line number="320" hits="14"/>
            <line number="321" hits="14"/>
            <line number="322" hits="14"/>
            <line number="323" hits="4"/>
            <line number="326" hits="18"/>
            <line number="335" hits="18"/>
            <line number="343" hits="18"/>
            <line number="345" hits="18"/>
            <line number="347" hits="18"/>
            <line number="348" hits="5"/>
            <line number="349" hits="13"/>
            <line number="350" hits="4"/>
            <line number="351" hits="9"/>
            <line number="352" hits="4"/>
            <line number="353" hits="5"/>
            <line number="354" hits="4"/>
            <line number="357" hits="18"/>
            <line number="377" hits="20"/>
            <line number="379" hits="20"/>
            <line number="380" hits="20"/>
            <line number="381" hits="20"/>
            <line number="382" hits="20"/>
            <line number="383" hits="20"/>
            <line number="385" hits="20"/>
          </lines>
        </class>
      </classes>
    </package>
    <package name="ServiceProvider.php" line-rate="1" branch-rate="0" complexity="16">
      <classes>
        <class name="Playground\Make\Blade\ServiceProvider" filename="ServiceProvider.php" line-rate="1" branch-rate="0" complexity="16">
          <methods>
            <method name="boot" signature="" line-rate="1" branch-rate="0" complexity="7">
              <lines>
                <line number="33" hits="1"/>
                <line number="35" hits="1"/>
                <line number="37" hits="1"/>
                <line number="38" hits="1"/>
                <line number="41" hits="1"/>
                <line number="42" hits="1"/>
                <line number="43" hits="1"/>
                <line number="44" hits="1"/>
                <line number="45" hits="1"/>
                <line number="48" hits="1"/>
                <line number="50" hits="1"/>
                <line number="51" hits="1"/>
                <line number="52" hits="1"/>
                <line number="56" hits="1"/>
                <line number="57" hits="1"/>
              </lines>
            </method>
            <method name="boot_commands" signature="" line-rate="1" branch-rate="0" complexity="1">
              <lines>
                <line number="66" hits="1"/>
                <line number="68" hits="1"/>
                <line number="70" hits="1"/>
                <line number="72" hits="1"/>
              </lines>
            </method>
            <method name="register" signature="" line-rate="1" branch-rate="0" complexity="1">
              <lines>
                <line number="80" hits="1"/>
                <line number="81" hits="1"/>
                <line number="82" hits="1"/>
                <line number="83" hits="1"/>
              </lines>
            </method>
            <method name="about" signature="" line-rate="1" branch-rate="0" complexity="6">
              <lines>
                <line number="88" hits="1"/>
                <line number="89" hits="1"/>
                <line number="91" hits="1"/>
                <line number="93" hits="1"/>
                <line number="95" hits="1"/>
                <line number="96" hits="1"/>
                <line number="97" hits="1"/>
                <line number="98" hits="1"/>
                <line number="99" hits="1"/>
                <line number="100" hits="1"/>
              </lines>
            </method>
            <method name="version" signature="" line-rate="1" branch-rate="0" complexity="1">
              <lines>
                <line number="105" hits="1"/>
              </lines>
            </method>
          </methods>
          <lines>
            <line number="33" hits="1"/>
            <line number="35" hits="1"/>
            <line number="37" hits="1"/>
            <line number="38" hits="1"/>
            <line number="41" hits="1"/>
            <line number="42" hits="1"/>
            <line number="43" hits="1"/>
            <line number="44" hits="1"/>
            <line number="45" hits="1"/>
            <line number="48" hits="1"/>
            <line number="50" hits="1"/>
            <line number="51" hits="1"/>
            <line number="52" hits="1"/>
            <line number="56" hits="1"/>
            <line number="57" hits="1"/>
            <line number="66" hits="1"/>
            <line number="68" hits="1"/>
            <line number="70" hits="1"/>
            <line number="72" hits="1"/>
            <line number="80" hits="1"/>
            <line number="81" hits="1"/>
            <line number="82" hits="1"/>
            <line number="83" hits="1"/>
            <line number="88" hits="1"/>
            <line number="89" hits="1"/>
            <line number="91" hits="1"/>
            <line number="93" hits="1"/>
            <line number="95" hits="1"/>
            <line number="96" hits="1"/>
            <line number="97" hits="1"/>
            <line number="98" hits="1"/>
            <line number="99" hits="1"/>
            <line number="100" hits="1"/>
            <line number="105" hits="1"/>
          </lines>
        </class>
      </classes>
    </package>
  </packages>
</coverage>
