<?xml version="1.0" encoding="UTF-8"?>
<!DOCTYPE coverage SYSTEM "http://cobertura.sourceforge.net/xml/coverage-04.dtd">
<coverage line-rate="1" branch-rate="0" lines-covered="165" lines-valid="165" branches-covered="0" branches-valid="0" complexity="64" version="0.4" timestamp="1720231992">
  <sources>
    <source>/app/src</source>
  </sources>
  <packages>
    <package name="Configuration/Blade.php" line-rate="1" branch-rate="0" complexity="20">
      <classes>
        <class name="Playground\Make\Blade\Configuration\Blade" filename="Configuration/Blade.php" line-rate="1" branch-rate="0" complexity="20">
          <methods>
            <method name="setOptions" signature="array $options" line-rate="1" branch-rate="0" complexity="11">
              <lines>
                <line number="59" hits="2"/>
                <line number="61" hits="2"/>
                <line number="62" hits="2"/>
                <line number="64" hits="2"/>
                <line number="67" hits="2"/>
                <line number="68" hits="2"/>
                <line number="70" hits="2"/>
                <line number="73" hits="2"/>
                <line number="74" hits="2"/>
                <line number="76" hits="1"/>
                <line number="79" hits="2"/>
                <line number="80" hits="2"/>
                <line number="82" hits="1"/>
                <line number="85" hits="2"/>
                <line number="86" hits="2"/>
                <line number="88" hits="1"/>
                <line number="91" hits="2"/>
                <line number="93" hits="2"/>
              </lines>
            </method>
            <method name="addModels" signature="array $options" line-rate="1" branch-rate="0" complexity="4">
              <lines>
                <line number="101" hits="2"/>
                <line number="102" hits="2"/>
                <line number="104" hits="1"/>
                <line number="105" hits="1"/>
                <line number="109" hits="2"/>
              </lines>
            </method>
            <method name="model_column" signature="" line-rate="1" branch-rate="0" complexity="1">
              <lines>
                <line number="114" hits="3"/>
              </lines>
            </method>
            <method name="model_label" signature="" line-rate="1" branch-rate="0" complexity="1">
              <lines>
                <line number="119" hits="3"/>
              </lines>
            </method>
            <method name="route" signature="" line-rate="1" branch-rate="0" complexity="1">
              <lines>
                <line number="124" hits="3"/>
              </lines>
            </method>
            <method name="title" signature="" line-rate="1" branch-rate="0" complexity="1">
              <lines>
                <line number="129" hits="3"/>
              </lines>
            </method>
            <method name="models" signature="" line-rate="1" branch-rate="0" complexity="1">
              <lines>
                <line number="137" hits="3"/>
              </lines>
            </method>
          </methods>
          <lines>
            <line number="59" hits="2"/>
            <line number="61" hits="2"/>
            <line number="62" hits="2"/>
            <line number="64" hits="2"/>
            <line number="67" hits="2"/>
            <line number="68" hits="2"/>
            <line number="70" hits="2"/>
            <line number="73" hits="2"/>
            <line number="74" hits="2"/>
            <line number="76" hits="1"/>
            <line number="79" hits="2"/>
            <line number="80" hits="2"/>
            <line number="82" hits="1"/>
            <line number="85" hits="2"/>
            <line number="86" hits="2"/>
            <line number="88" hits="1"/>
            <line number="91" hits="2"/>
            <line number="93" hits="2"/>
            <line number="101" hits="2"/>
            <line number="102" hits="2"/>
            <line number="104" hits="1"/>
            <line number="105" hits="1"/>
            <line number="109" hits="2"/>
            <line number="114" hits="3"/>
            <line number="119" hits="3"/>
            <line number="124" hits="3"/>
            <line number="129" hits="3"/>
            <line number="137" hits="3"/>
          </lines>
        </class>
      </classes>
    </package>
    <package name="Console/Commands/BladeMakeCommand.php" line-rate="1" branch-rate="0" complexity="28">
      <classes>
        <class name="Playground\Make\Blade\Console\Commands\BladeMakeCommand" filename="Console/Commands/BladeMakeCommand.php" line-rate="1" branch-rate="0" complexity="28">
          <methods>
            <method name="prepareOptions" signature="" line-rate="1" branch-rate="0" complexity="8">
              <lines>
                <line number="85" hits="20"/>
                <line number="93" hits="20"/>
                <line number="95" hits="20"/>
                <line number="96" hits="1"/>
                <line number="97" hits="1"/>
                <line number="98" hits="1"/>
                <line number="99" hits="1"/>
                <line number="102" hits="20"/>
                <line number="103" hits="1"/>
                <line number="104" hits="1"/>
                <line number="105" hits="1"/>
                <line number="106" hits="1"/>
                <line number="109" hits="20"/>
                <line number="110" hits="1"/>
                <line number="111" hits="1"/>
                <line number="112" hits="1"/>
                <line number="113" hits="1"/>
                <line number="116" hits="20"/>
                <line number="117" hits="20"/>
                <line number="118" hits="20"/>
                <line number="119" hits="5"/>
                <line number="120" hits="5"/>
                <line number="121" hits="5"/>
              </lines>
            </method>
            <method name="getConfigurationFilename" signature="" line-rate="1" branch-rate="0" complexity="1">
              <lines>
                <line number="134" hits="18"/>
                <line number="135" hits="18"/>
                <line number="136" hits="18"/>
                <line number="137" hits="18"/>
                <line number="138" hits="18"/>
              </lines>
            </method>
            <method name="qualifyClass" signature="$name" line-rate="1" branch-rate="0" complexity="7">
              <lines>
                <line number="148" hits="18"/>
                <line number="150" hits="18"/>
                <line number="151" hits="18"/>
                <line number="152" hits="18"/>
                <line number="153" hits="18"/>
                <line number="154" hits="18"/>
                <line number="157" hits="18"/>
                <line number="158" hits="18"/>
                <line number="159" hits="18"/>
                <line number="160" hits="18"/>
                <line number="161" hits="18"/>
                <line number="162" hits="18"/>
                <line number="163" hits="18"/>
                <line number="166" hits="18"/>
                <line number="167" hits="5"/>
                <line number="168" hits="5"/>
                <line number="169" hits="5"/>
                <line number="170" hits="13"/>
                <line number="171" hits="4"/>
                <line number="172" hits="4"/>
                <line number="173" hits="4"/>
                <line number="174" hits="9"/>
                <line number="175" hits="4"/>
                <line number="176" hits="4"/>
                <line number="177" hits="4"/>
                <line number="178" hits="5"/>
                <line number="179" hits="4"/>
                <line number="180" hits="4"/>
                <line number="181" hits="4"/>
                <line number="183" hits="1"/>
                <line number="184" hits="1"/>
                <line number="185" hits="1"/>
                <line number="195" hits="18"/>
              </lines>
            </method>
            <method name="handle" signature="" line-rate="1" branch-rate="0" complexity="3">
              <lines>
                <line number="203" hits="20"/>
                <line number="204" hits="2"/>
                <line number="207" hits="18"/>
                <line number="209" hits="18"/>
                <line number="210" hits="4"/>
                <line number="213" hits="18"/>
                <line number="215" hits="18"/>
              </lines>
            </method>
            <method name="handle_playground_resource" signature="" line-rate="1" branch-rate="0" complexity="3">
              <lines>
                <line number="223" hits="4"/>
                <line number="225" hits="4"/>
                <line number="226" hits="4"/>
                <line number="227" hits="4"/>
                <line number="228" hits="4"/>
                <line number="229" hits="4"/>
                <line number="232" hits="4"/>
                <line number="235" hits="4"/>
                <line number="237" hits="4"/>
                <line number="238" hits="4"/>
                <line number="239" hits="4"/>
                <line number="240" hits="4"/>
                <line number="241" hits="4"/>
                <line number="242" hits="4"/>
                <line number="251" hits="4"/>
                <line number="253" hits="4"/>
                <line number="255" hits="4"/>
                <line number="256" hits="4"/>
                <line number="258" hits="4"/>
              </lines>
            </method>
            <method name="getStub" signature="" line-rate="1" branch-rate="0" complexity="5">
              <lines>
                <line number="267" hits="18"/>
                <line number="269" hits="18"/>
                <line number="271" hits="18"/>
                <line number="272" hits="5"/>
                <line number="273" hits="13"/>
                <line number="274" hits="4"/>
                <line number="275" hits="9"/>
                <line number="276" hits="4"/>
                <line number="277" hits="5"/>
                <line number="278" hits="4"/>
                <line number="281" hits="18"/>
              </lines>
            </method>
            <method name="getOptions" signature="" line-rate="1" branch-rate="0" complexity="1">
              <lines>
                <line number="301" hits="20"/>
                <line number="303" hits="20"/>
                <line number="304" hits="20"/>
                <line number="305" hits="20"/>
                <line number="307" hits="20"/>
              </lines>
            </method>
          </methods>
          <lines>
            <line number="85" hits="20"/>
            <line number="93" hits="20"/>
            <line number="95" hits="20"/>
            <line number="96" hits="1"/>
            <line number="97" hits="1"/>
            <line number="98" hits="1"/>
            <line number="99" hits="1"/>
            <line number="102" hits="20"/>
            <line number="103" hits="1"/>
            <line number="104" hits="1"/>
            <line number="105" hits="1"/>
            <line number="106" hits="1"/>
            <line number="109" hits="20"/>
            <line number="110" hits="1"/>
            <line number="111" hits="1"/>
            <line number="112" hits="1"/>
            <line number="113" hits="1"/>
            <line number="116" hits="20"/>
            <line number="117" hits="20"/>
            <line number="118" hits="20"/>
            <line number="119" hits="5"/>
            <line number="120" hits="5"/>
            <line number="121" hits="5"/>
            <line number="134" hits="18"/>
            <line number="135" hits="18"/>
            <line number="136" hits="18"/>
            <line number="137" hits="18"/>
            <line number="138" hits="18"/>
            <line number="148" hits="18"/>
            <line number="150" hits="18"/>
            <line number="151" hits="18"/>
            <line number="152" hits="18"/>
            <line number="153" hits="18"/>
            <line number="154" hits="18"/>
            <line number="157" hits="18"/>
            <line number="158" hits="18"/>
            <line number="159" hits="18"/>
            <line number="160" hits="18"/>
            <line number="161" hits="18"/>
            <line number="162" hits="18"/>
            <line number="163" hits="18"/>
            <line number="166" hits="18"/>
            <line number="167" hits="5"/>
            <line number="168" hits="5"/>
            <line number="169" hits="5"/>
            <line number="170" hits="13"/>
            <line number="171" hits="4"/>
            <line number="172" hits="4"/>
            <line number="173" hits="4"/>
            <line number="174" hits="9"/>
            <line number="175" hits="4"/>
            <line number="176" hits="4"/>
            <line number="177" hits="4"/>
            <line number="178" hits="5"/>
            <line number="179" hits="4"/>
            <line number="180" hits="4"/>
            <line number="181" hits="4"/>
            <line number="183" hits="1"/>
            <line number="184" hits="1"/>
            <line number="185" hits="1"/>
            <line number="195" hits="18"/>
            <line number="203" hits="20"/>
            <line number="204" hits="2"/>
            <line number="207" hits="18"/>
            <line number="209" hits="18"/>
            <line number="210" hits="4"/>
            <line number="213" hits="18"/>
            <line number="215" hits="18"/>
            <line number="223" hits="4"/>
            <line number="225" hits="4"/>
            <line number="226" hits="4"/>
            <line number="227" hits="4"/>
            <line number="228" hits="4"/>
            <line number="229" hits="4"/>
            <line number="232" hits="4"/>
            <line number="235" hits="4"/>
            <line number="237" hits="4"/>
            <line number="238" hits="4"/>
            <line number="239" hits="4"/>
            <line number="240" hits="4"/>
            <line number="241" hits="4"/>
            <line number="242" hits="4"/>
            <line number="251" hits="4"/>
            <line number="253" hits="4"/>
            <line number="255" hits="4"/>
            <line number="256" hits="4"/>
            <line number="258" hits="4"/>
            <line number="267" hits="18"/>
            <line number="269" hits="18"/>
            <line number="271" hits="18"/>
            <line number="272" hits="5"/>
            <line number="273" hits="13"/>
            <line number="274" hits="4"/>
            <line number="275" hits="9"/>
            <line number="276" hits="4"/>
            <line number="277" hits="5"/>
            <line number="278" hits="4"/>
            <line number="281" hits="18"/>
            <line number="301" hits="20"/>
            <line number="303" hits="20"/>
            <line number="304" hits="20"/>
            <line number="305" hits="20"/>
            <line number="307" hits="20"/>
          </lines>
        </class>
      </classes>
    </package>
    <package name="ServiceProvider.php" line-rate="1" branch-rate="0" complexity="16">
      <classes>
        <class name="Playground\Make\Blade\ServiceProvider" filename="ServiceProvider.php" line-rate="1" branch-rate="0" complexity="16">
          <methods>
            <method name="boot" signature="" line-rate="1" branch-rate="0" complexity="7">
              <lines>
                <line number="33" hits="1"/>
                <line number="35" hits="1"/>
                <line number="37" hits="1"/>
                <line number="38" hits="1"/>
                <line number="41" hits="1"/>
                <line number="42" hits="1"/>
                <line number="43" hits="1"/>
                <line number="44" hits="1"/>
                <line number="45" hits="1"/>
                <line number="48" hits="1"/>
                <line number="50" hits="1"/>
                <line number="51" hits="1"/>
                <line number="52" hits="1"/>
                <line number="56" hits="1"/>
                <line number="57" hits="1"/>
              </lines>
            </method>
            <method name="boot_commands" signature="" line-rate="1" branch-rate="0" complexity="1">
              <lines>
                <line number="66" hits="1"/>
                <line number="68" hits="1"/>
                <line number="70" hits="1"/>
                <line number="72" hits="1"/>
              </lines>
            </method>
            <method name="register" signature="" line-rate="1" branch-rate="0" complexity="1">
              <lines>
                <line number="80" hits="1"/>
                <line number="81" hits="1"/>
                <line number="82" hits="1"/>
                <line number="83" hits="1"/>
              </lines>
            </method>
            <method name="about" signature="" line-rate="1" branch-rate="0" complexity="6">
              <lines>
                <line number="88" hits="1"/>
                <line number="89" hits="1"/>
                <line number="91" hits="1"/>
                <line number="93" hits="1"/>
                <line number="95" hits="1"/>
                <line number="96" hits="1"/>
                <line number="97" hits="1"/>
                <line number="98" hits="1"/>
                <line number="99" hits="1"/>
                <line number="100" hits="1"/>
              </lines>
            </method>
            <method name="version" signature="" line-rate="1" branch-rate="0" complexity="1">
              <lines>
                <line number="105" hits="1"/>
              </lines>
            </method>
          </methods>
          <lines>
            <line number="33" hits="1"/>
            <line number="35" hits="1"/>
            <line number="37" hits="1"/>
            <line number="38" hits="1"/>
            <line number="41" hits="1"/>
            <line number="42" hits="1"/>
            <line number="43" hits="1"/>
            <line number="44" hits="1"/>
            <line number="45" hits="1"/>
            <line number="48" hits="1"/>
            <line number="50" hits="1"/>
            <line number="51" hits="1"/>
            <line number="52" hits="1"/>
            <line number="56" hits="1"/>
            <line number="57" hits="1"/>
            <line number="66" hits="1"/>
            <line number="68" hits="1"/>
            <line number="70" hits="1"/>
            <line number="72" hits="1"/>
            <line number="80" hits="1"/>
            <line number="81" hits="1"/>
            <line number="82" hits="1"/>
            <line number="83" hits="1"/>
            <line number="88" hits="1"/>
            <line number="89" hits="1"/>
            <line number="91" hits="1"/>
            <line number="93" hits="1"/>
            <line number="95" hits="1"/>
            <line number="96" hits="1"/>
            <line number="97" hits="1"/>
            <line number="98" hits="1"/>
            <line number="99" hits="1"/>
            <line number="100" hits="1"/>
            <line number="105" hits="1"/>
          </lines>
        </class>
      </classes>
    </package>
  </packages>
</coverage>
